Using pre-set license
Built from '2020.3/staging' branch; Version is '2020.3.19f1 (68f137dc9bbe) revision 6877495'; Using compiler version '192528614'; Build Type 'Release'
OS: 'Windows 10 Pro Education; OS build 19044.1620; Version 2009; 64bit' Language: 'pt' Physical Memory: 15741 MB
BatchMode: 1, IsHumanControllingUs: 0, StartBugReporterOnCrash: 0, Is64bit: 1, IsPro: 0

COMMAND LINE ARGUMENTS:
C:\Program Files\Unity\Editor\Unity.exe
-adb2
-batchMode
-noUpm
-name
AssetImportWorker0
-projectPath
C:/Users/Laboratorio-Info/Desktop/Inside
-logFile
Logs/AssetImportWorker0.log
-srvPort
62143
Successfully changed project path to: C:/Users/Laboratorio-Info/Desktop/Inside
C:/Users/Laboratorio-Info/Desktop/Inside
Using Asset Import Pipeline V2.
Refreshing native plugins compatible for Editor in 42.52 ms, found 3 plugins.
Preloading 0 native plugins for Editor in 0.00 ms.
Initialize engine version: 2020.3.19f1 (68f137dc9bbe)
[Subsystems] Discovering subsystems at path C:/Program Files/Unity/Editor/Data/Resources/UnitySubsystems
[Subsystems] Discovering subsystems at path C:/Users/Laboratorio-Info/Desktop/Inside/Assets
GfxDevice: creating device client; threaded=0
Direct3D:
    Version:  Direct3D 11.0 [level 11.1]
    Renderer: AMD Radeon(TM) Graphics (ID=0x1636)
    Vendor:   
    VRAM:     7870 MB
    Driver:   27.20.1026.7004
Initialize mono
Mono path[0] = 'C:/Program Files/Unity/Editor/Data/Managed'
Mono path[1] = 'C:/Program Files/Unity/Editor/Data/MonoBleedingEdge/lib/mono/unityjit'
Mono config path = 'C:/Program Files/Unity/Editor/Data/MonoBleedingEdge/etc'
Using monoOptions --debugger-agent=transport=dt_socket,embedding=1,server=y,suspend=n,address=127.0.0.1:56956
Begin MonoManager ReloadAssembly
Registering precompiled unity dll's ...
Register platform support module: C:/Program Files/Unity/Editor/Data/PlaybackEngines/WindowsStandaloneSupport/UnityEditor.WindowsStandalone.Extensions.dll
Registered in 0.001635 seconds.
Native extension for WindowsStandalone target not found
Refreshing native plugins compatible for Editor in 42.34 ms, found 3 plugins.
Preloading 0 native plugins for Editor in 0.00 ms.
Mono: successfully reloaded assembly
- Completed reload, in  0.875 seconds
Domain Reload Profiling:
	ReloadAssembly (875ms)
		BeginReloadAssembly (43ms)
			ExecutionOrderSort (0ms)
			DisableScriptedObjects (0ms)
			BackupInstance (0ms)
			ReleaseScriptingObjects (0ms)
			CreateAndSetChildDomain (1ms)
		EndReloadAssembly (365ms)
			LoadAssemblies (41ms)
			RebuildTransferFunctionScriptingTraits (0ms)
			SetupTypeCache (129ms)
			ReleaseScriptCaches (0ms)
			RebuildScriptCaches (28ms)
			SetupLoadedEditorAssemblies (148ms)
				LogAssemblyErrors (0ms)
				InitializePlatformSupportModulesInManaged (4ms)
				SetLoadedEditorAssemblies (0ms)
				RefreshPlugins (42ms)
				BeforeProcessingInitializeOnLoad (14ms)
				ProcessInitializeOnLoadAttributes (64ms)
				ProcessInitializeOnLoadMethodAttributes (24ms)
				AfterProcessingInitializeOnLoad (0ms)
				EditorAssembliesLoaded (0ms)
			ExecutionOrderSort2 (0ms)
			AwakeInstancesAfterBackupRestoration (0ms)
Platform modules already initialized, skipping
Registering precompiled user dll's ...
Registered in 0.004022 seconds.
Begin MonoManager ReloadAssembly
Native extension for WindowsStandalone target not found
Refreshing native plugins compatible for Editor in 42.02 ms, found 3 plugins.
Preloading 0 native plugins for Editor in 0.00 ms.
Mono: successfully reloaded assembly
- Completed reload, in  0.961 seconds
Domain Reload Profiling:
	ReloadAssembly (962ms)
		BeginReloadAssembly (120ms)
			ExecutionOrderSort (0ms)
			DisableScriptedObjects (4ms)
			BackupInstance (0ms)
			ReleaseScriptingObjects (0ms)
			CreateAndSetChildDomain (17ms)
		EndReloadAssembly (786ms)
			LoadAssemblies (74ms)
			RebuildTransferFunctionScriptingTraits (0ms)
			SetupTypeCache (252ms)
			ReleaseScriptCaches (1ms)
			RebuildScriptCaches (42ms)
			SetupLoadedEditorAssemblies (311ms)
				LogAssemblyErrors (0ms)
				InitializePlatformSupportModulesInManaged (3ms)
				SetLoadedEditorAssemblies (0ms)
				RefreshPlugins (42ms)
				BeforeProcessingInitializeOnLoad (71ms)
				ProcessInitializeOnLoadAttributes (173ms)
				ProcessInitializeOnLoadMethodAttributes (16ms)
				AfterProcessingInitializeOnLoad (6ms)
				EditorAssembliesLoaded (0ms)
			ExecutionOrderSort2 (0ms)
			AwakeInstancesAfterBackupRestoration (6ms)
Platform modules already initialized, skipping
========================================================================
Worker process is ready to serve import requests
Launched and connected shader compiler UnityShaderCompiler.exe after 0.04 seconds
Refreshing native plugins compatible for Editor in 0.53 ms, found 3 plugins.
Preloading 0 native plugins for Editor in 0.00 ms.
Unloading 2237 Unused Serialized files (Serialized files now loaded: 0)
System memory in use before: 118.5 MB.
System memory in use after: 118.6 MB.

Unloading 27 unused Assets to reduce memory usage. Loaded Objects now: 2695.
Total: 3.474200 ms (FindLiveObjects: 0.258100 ms CreateObjectMapping: 0.069700 ms MarkObjects: 3.116200 ms  DeleteObjects: 0.029000 ms)

AssetImportParameters requested are different than current active one (requested -> active):
  custom:framework-win-MediaFoundation: 216162199b28c13a410421893ffa2e32 -> 
  custom:video-decoder-ogg-theora: a1e56fd34408186e4bbccfd4996cb3dc -> 
  custom:container-muxer-webm: aa71ff27fc2769a1b78a27578f13a17b -> 
  custom:container-demuxer-webm: 4f35f7cbe854078d1ac9338744f61a02 -> 
  custom:container-demuxer-ogg: 62fdf1f143b41e24485cea50d1cbac27 -> 
  custom:video-encoder-webm-vp8: eb34c28f22e8b96e1ab97ce403110664 -> 
  custom:video-decoder-webm-vp8: 9c59270c3fd7afecdb556c50c9e8de78 -> 
  custom:audio-decoder-ogg-vorbis: bf7c407c2cedff20999df2af8eb42d56 -> 
  custom:audio-encoder-webm-vorbis: bf7c407c2cedff20999df2af8eb42d56 -> 
========================================================================
Received Import Request.
  path: Assets/Scenes/Menu.unity
  artifactKey: Guid(2cda990e2423bbf4892e6590ba056729) Importer(815301076,1909f56bfc062723c751e8b465ee728b)
Start importing Assets/Scenes/Menu.unity using Guid(2cda990e2423bbf4892e6590ba056729) Importer(815301076,1909f56bfc062723c751e8b465ee728b)  -> (artifact id: '4bd180eb64553514937b842f74c62bc2') in 0.014427 seconds 
  Import took 0.017677 seconds .

========================================================================
Received Import Request.
  Time since last request: 513.674070 seconds.
  path: Assets/Image/FundoMenu/4026fa425b8ea2e6e2dec15beec047fd-removebg-preview.png
  artifactKey: Guid(2fd13467189168048a178b24b61fb18d) Importer(815301076,1909f56bfc062723c751e8b465ee728b)
Start importing Assets/Image/FundoMenu/4026fa425b8ea2e6e2dec15beec047fd-removebg-preview.png using Guid(2fd13467189168048a178b24b61fb18d) Importer(815301076,1909f56bfc062723c751e8b465ee728b)  -> (artifact id: '76fdbb7bf54799f6b225ee03d2938ccb') in 0.094538 seconds 
  Import took 0.098039 seconds .

========================================================================
Received Import Request.
  Time since last request: 0.000214 seconds.
  path: Assets/Image/FundoMenu/kisspng-drawing-arrow-sketch-watercolor-arrow-5ac4caf72e9717.8244158315228464551908.jpg
  artifactKey: Guid(072ea6151cf168c4e8a61232a78d54ad) Importer(815301076,1909f56bfc062723c751e8b465ee728b)
Start importing Assets/Image/FundoMenu/kisspng-drawing-arrow-sketch-watercolor-arrow-5ac4caf72e9717.8244158315228464551908.jpg using Guid(072ea6151cf168c4e8a61232a78d54ad) Importer(815301076,1909f56bfc062723c751e8b465ee728b)  -> (artifact id: 'ce9e274eca56887359f3eb46bde2410c') in 0.018454 seconds 
  Import took 0.021731 seconds .

========================================================================
Received Import Request.
  Time since last request: 0.000231 seconds.
  path: Assets/Image/FundoMenu/kisspng-drawing-arrow-sketch-watercolor-arrow-5ac4caf72e9717.8244158315228464551908-removebg-preview.png
  artifactKey: Guid(77d1dae4816c5344cae03e2b94369dfc) Importer(815301076,1909f56bfc062723c751e8b465ee728b)
Start importing Assets/Image/FundoMenu/kisspng-drawing-arrow-sketch-watercolor-arrow-5ac4caf72e9717.8244158315228464551908-removebg-preview.png using Guid(77d1dae4816c5344cae03e2b94369dfc) Importer(815301076,1909f56bfc062723c751e8b465ee728b)  -> (artifact id: '855a0fa2d307f86762a639157dec908f') in 0.015835 seconds 
  Import took 0.019618 seconds .

========================================================================
Received Import Request.
  Time since last request: 9.213444 seconds.
  path: Assets/Image/FundoMenu/Sem título.jpg
  artifactKey: Guid(6fc85e8938471f9469429f8ecc9f3083) Importer(815301076,1909f56bfc062723c751e8b465ee728b)
Start importing Assets/Image/FundoMenu/Sem título.jpg using Guid(6fc85e8938471f9469429f8ecc9f3083) Importer(815301076,1909f56bfc062723c751e8b465ee728b)  -> (artifact id: '6075f9276d3cf9bbf455585108952b94') in 0.019120 seconds 
  Import took 0.022778 seconds .

========================================================================
Received Import Request.
  Time since last request: 341.227895 seconds.
  path: Assets/Scripts/SpectroMusic.cs
  artifactKey: Guid(386c62cc436d9a24ba40479f2aff8aa7) Importer(815301076,1909f56bfc062723c751e8b465ee728b)
Start importing Assets/Scripts/SpectroMusic.cs using Guid(386c62cc436d9a24ba40479f2aff8aa7) Importer(815301076,1909f56bfc062723c751e8b465ee728b)  -> (artifact id: 'ff4a1d566462302e3fb9daed3b15331d') in 0.022455 seconds 
  Import took 0.026190 seconds .

========================================================================
Received Prepare
Registering precompiled user dll's ...
Registered in 0.003811 seconds.
Begin MonoManager ReloadAssembly
Native extension for WindowsStandalone target not found
Refreshing native plugins compatible for Editor in 0.54 ms, found 3 plugins.
Preloading 0 native plugins for Editor in 0.00 ms.
Mono: successfully reloaded assembly
- Completed reload, in  0.853 seconds
Domain Reload Profiling:
	ReloadAssembly (853ms)
		BeginReloadAssembly (99ms)
			ExecutionOrderSort (0ms)
			DisableScriptedObjects (5ms)
			BackupInstance (0ms)
			ReleaseScriptingObjects (0ms)
			CreateAndSetChildDomain (32ms)
		EndReloadAssembly (698ms)
			LoadAssemblies (76ms)
			RebuildTransferFunctionScriptingTraits (0ms)
			SetupTypeCache (246ms)
			ReleaseScriptCaches (1ms)
			RebuildScriptCaches (36ms)
			SetupLoadedEditorAssemblies (254ms)
				LogAssemblyErrors (0ms)
				InitializePlatformSupportModulesInManaged (4ms)
				SetLoadedEditorAssemblies (0ms)
				RefreshPlugins (1ms)
				BeforeProcessingInitializeOnLoad (70ms)
				ProcessInitializeOnLoadAttributes (164ms)
				ProcessInitializeOnLoadMethodAttributes (9ms)
				AfterProcessingInitializeOnLoad (6ms)
				EditorAssembliesLoaded (0ms)
			ExecutionOrderSort2 (0ms)
			AwakeInstancesAfterBackupRestoration (7ms)
Platform modules already initialized, skipping
Refreshing native plugins compatible for Editor in 0.54 ms, found 3 plugins.
Preloading 0 native plugins for Editor in 0.00 ms.
Unloading 2212 Unused Serialized files (Serialized files now loaded: 0)
System memory in use before: 119.5 MB.
System memory in use after: 119.6 MB.

Unloading 18 unused Assets to reduce memory usage. Loaded Objects now: 2706.
Total: 3.009100 ms (FindLiveObjects: 0.232800 ms CreateObjectMapping: 0.050500 ms MarkObjects: 2.701000 ms  DeleteObjects: 0.023400 ms)

AssetImportParameters requested are different than current active one (requested -> active):
  custom:framework-win-MediaFoundation: 216162199b28c13a410421893ffa2e32 -> 
  custom:video-decoder-ogg-theora: a1e56fd34408186e4bbccfd4996cb3dc -> 
  custom:container-muxer-webm: aa71ff27fc2769a1b78a27578f13a17b -> 
  custom:container-demuxer-webm: 4f35f7cbe854078d1ac9338744f61a02 -> 
  custom:container-demuxer-ogg: 62fdf1f143b41e24485cea50d1cbac27 -> 
  custom:video-encoder-webm-vp8: eb34c28f22e8b96e1ab97ce403110664 -> 
  custom:video-decoder-webm-vp8: 9c59270c3fd7afecdb556c50c9e8de78 -> 
  custom:audio-decoder-ogg-vorbis: bf7c407c2cedff20999df2af8eb42d56 -> 
  custom:audio-encoder-webm-vorbis: bf7c407c2cedff20999df2af8eb42d56 -> 
========================================================================
Received Import Request.
  Time since last request: 26.089823 seconds.
  path: Assets/Scripts/Audio.cs
  artifactKey: Guid(68513d1eecc48454385a637af1bf22b5) Importer(815301076,1909f56bfc062723c751e8b465ee728b)
Start importing Assets/Scripts/Audio.cs using Guid(68513d1eecc48454385a637af1bf22b5) Importer(815301076,1909f56bfc062723c751e8b465ee728b)  -> (artifact id: '06ee2fadb6a32d41def72e16470c0049') in 0.010050 seconds 
  Import took 0.014367 seconds .

========================================================================
Received Prepare
Registering precompiled user dll's ...
Registered in 0.003763 seconds.
Begin MonoManager ReloadAssembly
Native extension for WindowsStandalone target not found
Refreshing native plugins compatible for Editor in 0.55 ms, found 3 plugins.
Preloading 0 native plugins for Editor in 0.00 ms.
Mono: successfully reloaded assembly
- Completed reload, in  0.850 seconds
Domain Reload Profiling:
	ReloadAssembly (850ms)
		BeginReloadAssembly (93ms)
			ExecutionOrderSort (0ms)
			DisableScriptedObjects (5ms)
			BackupInstance (0ms)
			ReleaseScriptingObjects (0ms)
			CreateAndSetChildDomain (33ms)
		EndReloadAssembly (703ms)
			LoadAssemblies (73ms)
			RebuildTransferFunctionScriptingTraits (0ms)
			SetupTypeCache (252ms)
			ReleaseScriptCaches (1ms)
			RebuildScriptCaches (37ms)
			SetupLoadedEditorAssemblies (253ms)
				LogAssemblyErrors (0ms)
				InitializePlatformSupportModulesInManaged (4ms)
				SetLoadedEditorAssemblies (1ms)
				RefreshPlugins (1ms)
				BeforeProcessingInitializeOnLoad (71ms)
				ProcessInitializeOnLoadAttributes (161ms)
				ProcessInitializeOnLoadMethodAttributes (9ms)
				AfterProcessingInitializeOnLoad (6ms)
				EditorAssembliesLoaded (0ms)
			ExecutionOrderSort2 (0ms)
			AwakeInstancesAfterBackupRestoration (7ms)
Platform modules already initialized, skipping
Refreshing native plugins compatible for Editor in 0.53 ms, found 3 plugins.
Preloading 0 native plugins for Editor in 0.00 ms.
Unloading 2213 Unused Serialized files (Serialized files now loaded: 0)
System memory in use before: 119.5 MB.
System memory in use after: 119.7 MB.

Unloading 17 unused Assets to reduce memory usage. Loaded Objects now: 2709.
Total: 3.185300 ms (FindLiveObjects: 0.250400 ms CreateObjectMapping: 0.069200 ms MarkObjects: 2.841700 ms  DeleteObjects: 0.022500 ms)

AssetImportParameters requested are different than current active one (requested -> active):
  custom:framework-win-MediaFoundation: 216162199b28c13a410421893ffa2e32 -> 
  custom:video-decoder-ogg-theora: a1e56fd34408186e4bbccfd4996cb3dc -> 
  custom:container-muxer-webm: aa71ff27fc2769a1b78a27578f13a17b -> 
  custom:container-demuxer-webm: 4f35f7cbe854078d1ac9338744f61a02 -> 
  custom:container-demuxer-ogg: 62fdf1f143b41e24485cea50d1cbac27 -> 
  custom:video-encoder-webm-vp8: eb34c28f22e8b96e1ab97ce403110664 -> 
  custom:video-decoder-webm-vp8: 9c59270c3fd7afecdb556c50c9e8de78 -> 
  custom:audio-decoder-ogg-vorbis: bf7c407c2cedff20999df2af8eb42d56 -> 
  custom:audio-encoder-webm-vorbis: bf7c407c2cedff20999df2af8eb42d56 -> 
========================================================================
Received Import Request.
  Time since last request: 86.270866 seconds.
  path: Assets/Scripts/Historia.cs
  artifactKey: Guid(442ea2aecbaa14f4795f391e6c09512d) Importer(815301076,1909f56bfc062723c751e8b465ee728b)
Start importing Assets/Scripts/Historia.cs using Guid(442ea2aecbaa14f4795f391e6c09512d) Importer(815301076,1909f56bfc062723c751e8b465ee728b)  -> (artifact id: '288ac131c124e7641b3f629c5fd01be5') in 0.009934 seconds 
  Import took 0.013294 seconds .

========================================================================
Received Import Request.
  Time since last request: 31.015116 seconds.
  path: Assets/Scripts/AudioManager.cs
  artifactKey: Guid(68513d1eecc48454385a637af1bf22b5) Importer(815301076,1909f56bfc062723c751e8b465ee728b)
Start importing Assets/Scripts/AudioManager.cs using Guid(68513d1eecc48454385a637af1bf22b5) Importer(815301076,1909f56bfc062723c751e8b465ee728b)  -> (artifact id: 'ae56502cd0de28ed8a1538b2ea93010b') in 0.007130 seconds 
  Import took 0.011189 seconds .

========================================================================
Received Import Request.
  Time since last request: 11.158910 seconds.
  path: Assets/Scripts/AudioManager.cs
  artifactKey: Guid(68513d1eecc48454385a637af1bf22b5) Importer(815301076,1909f56bfc062723c751e8b465ee728b)
Start importing Assets/Scripts/AudioManager.cs using Guid(68513d1eecc48454385a637af1bf22b5) Importer(815301076,1909f56bfc062723c751e8b465ee728b)  -> (artifact id: '7e91995b1e5081df932ca2a551feb302') in 0.002786 seconds 
  Import took 0.007000 seconds .

========================================================================
Received Import Request.
  Time since last request: 45.800697 seconds.
  path: Assets/Scripts/MenuSave.cs
  artifactKey: Guid(a4340a0b1611ed846905fd183a241a2d) Importer(815301076,1909f56bfc062723c751e8b465ee728b)
Start importing Assets/Scripts/MenuSave.cs using Guid(a4340a0b1611ed846905fd183a241a2d) Importer(815301076,1909f56bfc062723c751e8b465ee728b)  -> (artifact id: 'c8e9e8a148df5f2bfce59a0b6806538f') in 0.014945 seconds 
  Import took 0.018593 seconds .

========================================================================
Received Import Request.
  Time since last request: 7.408648 seconds.
  path: Assets/Scripts/MenuSave.cs
  artifactKey: Guid(a4340a0b1611ed846905fd183a241a2d) Importer(815301076,1909f56bfc062723c751e8b465ee728b)
Start importing Assets/Scripts/MenuSave.cs using Guid(a4340a0b1611ed846905fd183a241a2d) Importer(815301076,1909f56bfc062723c751e8b465ee728b)  -> (artifact id: '05028f9eda3721ff7f2665eefaad3ef7') in 0.002803 seconds 
  Import took 0.006454 seconds .

========================================================================
Received Import Request.
  Time since last request: 71.222711 seconds.
  path: Assets/Scripts/MenuButton.cs
  artifactKey: Guid(fae7dbda7145156488b9dd5673da71fa) Importer(815301076,1909f56bfc062723c751e8b465ee728b)
Start importing Assets/Scripts/MenuButton.cs using Guid(fae7dbda7145156488b9dd5673da71fa) Importer(815301076,1909f56bfc062723c751e8b465ee728b)  -> (artifact id: '091c5d147b104ae95dbdcadd36b36401') in 0.006342 seconds 
  Import took 0.010450 seconds .

========================================================================
Received Import Request.
  Time since last request: 26.076392 seconds.
  path: Assets/Scripts/SaveController.cs
  artifactKey: Guid(ff27b08da44f859498f09c34433395e3) Importer(815301076,1909f56bfc062723c751e8b465ee728b)
Start importing Assets/Scripts/SaveController.cs using Guid(ff27b08da44f859498f09c34433395e3) Importer(815301076,1909f56bfc062723c751e8b465ee728b)  -> (artifact id: '9cc2c0013955ce8b250cabe8c2a7ca51') in 0.006385 seconds 
  Import took 0.010500 seconds .

========================================================================
Received Import Request.
  Time since last request: 10.974172 seconds.
  path: Assets/Scripts/SaveController.cs
  artifactKey: Guid(ff27b08da44f859498f09c34433395e3) Importer(815301076,1909f56bfc062723c751e8b465ee728b)
Start importing Assets/Scripts/SaveController.cs using Guid(ff27b08da44f859498f09c34433395e3) Importer(815301076,1909f56bfc062723c751e8b465ee728b)  -> (artifact id: 'cd34db9abb79da85bd0e8dcdb49b491e') in 0.002748 seconds 
  Import took 0.006407 seconds .

========================================================================
Received Import Request.
  Time since last request: 325.679222 seconds.
  path: Assets/Scripts/SaveData.cs
  artifactKey: Guid(f834cc85d8df00440b353d48e9b863cb) Importer(815301076,1909f56bfc062723c751e8b465ee728b)
Start importing Assets/Scripts/SaveData.cs using Guid(f834cc85d8df00440b353d48e9b863cb) Importer(815301076,1909f56bfc062723c751e8b465ee728b)  -> (artifact id: 'dfe99ae78de002fb3f49ed99c415927e') in 0.006725 seconds 
  Import took 0.010695 seconds .

========================================================================
Received Import Request.
  Time since last request: 4.095368 seconds.
  path: Assets/Scripts/SaveData.cs
  artifactKey: Guid(f834cc85d8df00440b353d48e9b863cb) Importer(815301076,1909f56bfc062723c751e8b465ee728b)
Start importing Assets/Scripts/SaveData.cs using Guid(f834cc85d8df00440b353d48e9b863cb) Importer(815301076,1909f56bfc062723c751e8b465ee728b)  -> (artifact id: '0a2a7f18ddd4d3dc05202f7a120f2cc6') in 0.003278 seconds 
  Import took 0.007405 seconds .

========================================================================
Received Import Request.
  Time since last request: 98.579762 seconds.
  path: Assets/Scripts/Sound.cs
  artifactKey: Guid(036b1016753a4a44cb783faef2648378) Importer(815301076,1909f56bfc062723c751e8b465ee728b)
Start importing Assets/Scripts/Sound.cs using Guid(036b1016753a4a44cb783faef2648378) Importer(815301076,1909f56bfc062723c751e8b465ee728b)  -> (artifact id: '1d8ce6f3645b3e611b0cd9f15d3b75f0') in 0.006603 seconds 
  Import took 0.010680 seconds .

========================================================================
Received Import Request.
  Time since last request: 52.021043 seconds.
  path: Assets/Scripts/OptionsMenu1.cs
  artifactKey: Guid(01746b5354159f74c8546a9fe3790c29) Importer(815301076,1909f56bfc062723c751e8b465ee728b)
Start importing Assets/Scripts/OptionsMenu1.cs using Guid(01746b5354159f74c8546a9fe3790c29) Importer(815301076,1909f56bfc062723c751e8b465ee728b)  -> (artifact id: '9f5da6f1c6729c5c4fd1879ad4f4a393') in 0.007560 seconds 
  Import took 0.011036 seconds .

========================================================================
Received Import Request.
  Time since last request: 2.702432 seconds.
  path: Assets/Scripts/OptionsMenu.cs
  artifactKey: Guid(b037b2d2abcd69743abe04ead48a4c9f) Importer(815301076,1909f56bfc062723c751e8b465ee728b)
Start importing Assets/Scripts/OptionsMenu.cs using Guid(b037b2d2abcd69743abe04ead48a4c9f) Importer(815301076,1909f56bfc062723c751e8b465ee728b)  -> (artifact id: 'c423a794fbd8b426bbbbb351814d4494') in 0.005386 seconds 
  Import took 0.009096 seconds .

========================================================================
Received Import Request.
  Time since last request: 29.263547 seconds.
  path: Assets/Scenes/Jogo.unity
  artifactKey: Guid(6a554a494c2f3e1429c604ad63a7001f) Importer(815301076,1909f56bfc062723c751e8b465ee728b)
Start importing Assets/Scenes/Jogo.unity using Guid(6a554a494c2f3e1429c604ad63a7001f) Importer(815301076,1909f56bfc062723c751e8b465ee728b)  -> (artifact id: 'd4d6f5c6e804dfc5c69e373370398816') in 0.012240 seconds 
  Import took 0.015750 seconds .

========================================================================
Received Import Request.
  Time since last request: 139.881292 seconds.
  path: Assets/Scripts/OptionsMenu.cs
  artifactKey: Guid(b037b2d2abcd69743abe04ead48a4c9f) Importer(815301076,1909f56bfc062723c751e8b465ee728b)
Start importing Assets/Scripts/OptionsMenu.cs using Guid(b037b2d2abcd69743abe04ead48a4c9f) Importer(815301076,1909f56bfc062723c751e8b465ee728b)  -> (artifact id: 'e80cde3a28214fae96c67f5a2169072b') in 0.002741 seconds 
  Import took 0.006150 seconds .

========================================================================
Received Prepare
Registering precompiled user dll's ...
Registered in 0.003932 seconds.
Begin MonoManager ReloadAssembly
Native extension for WindowsStandalone target not found
Refreshing native plugins compatible for Editor in 0.56 ms, found 3 plugins.
Preloading 0 native plugins for Editor in 0.00 ms.
Mono: successfully reloaded assembly
- Completed reload, in  0.851 seconds
Domain Reload Profiling:
	ReloadAssembly (852ms)
		BeginReloadAssembly (99ms)
			ExecutionOrderSort (0ms)
			DisableScriptedObjects (6ms)
			BackupInstance (0ms)
			ReleaseScriptingObjects (0ms)
			CreateAndSetChildDomain (33ms)
		EndReloadAssembly (697ms)
			LoadAssemblies (72ms)
			RebuildTransferFunctionScriptingTraits (0ms)
			SetupTypeCache (244ms)
			ReleaseScriptCaches (1ms)
			RebuildScriptCaches (37ms)
			SetupLoadedEditorAssemblies (256ms)
				LogAssemblyErrors (0ms)
				InitializePlatformSupportModulesInManaged (4ms)
				SetLoadedEditorAssemblies (0ms)
				RefreshPlugins (1ms)
				BeforeProcessingInitializeOnLoad (70ms)
				ProcessInitializeOnLoadAttributes (165ms)
				ProcessInitializeOnLoadMethodAttributes (9ms)
				AfterProcessingInitializeOnLoad (6ms)
				EditorAssembliesLoaded (0ms)
			ExecutionOrderSort2 (0ms)
			AwakeInstancesAfterBackupRestoration (7ms)
Platform modules already initialized, skipping
Refreshing native plugins compatible for Editor in 0.54 ms, found 3 plugins.
Preloading 0 native plugins for Editor in 0.00 ms.
Unloading 2216 Unused Serialized files (Serialized files now loaded: 0)
System memory in use before: 119.8 MB.
System memory in use after: 120.0 MB.

Unloading 17 unused Assets to reduce memory usage. Loaded Objects now: 2714.
Total: 3.128500 ms (FindLiveObjects: 0.246000 ms CreateObjectMapping: 0.051100 ms MarkObjects: 2.808200 ms  DeleteObjects: 0.022100 ms)

AssetImportParameters requested are different than current active one (requested -> active):
  custom:framework-win-MediaFoundation: 216162199b28c13a410421893ffa2e32 -> 
  custom:video-decoder-ogg-theora: a1e56fd34408186e4bbccfd4996cb3dc -> 
  custom:container-muxer-webm: aa71ff27fc2769a1b78a27578f13a17b -> 
  custom:container-demuxer-webm: 4f35f7cbe854078d1ac9338744f61a02 -> 
  custom:container-demuxer-ogg: 62fdf1f143b41e24485cea50d1cbac27 -> 
  custom:video-encoder-webm-vp8: eb34c28f22e8b96e1ab97ce403110664 -> 
  custom:video-decoder-webm-vp8: 9c59270c3fd7afecdb556c50c9e8de78 -> 
  custom:audio-decoder-ogg-vorbis: bf7c407c2cedff20999df2af8eb42d56 -> 
  custom:audio-encoder-webm-vorbis: bf7c407c2cedff20999df2af8eb42d56 -> 
========================================================================
Received Import Request.
  Time since last request: 11.553839 seconds.
  path: Assets/Scenes/Menu.unity
  artifactKey: Guid(2cda990e2423bbf4892e6590ba056729) Importer(815301076,1909f56bfc062723c751e8b465ee728b)
Start importing Assets/Scenes/Menu.unity using Guid(2cda990e2423bbf4892e6590ba056729) Importer(815301076,1909f56bfc062723c751e8b465ee728b)  -> (artifact id: '953bd0d6e0bb40d4ca36110a5114c3eb') in 0.011538 seconds 
  Import took 0.015249 seconds .

========================================================================
Received Prepare
Registering precompiled user dll's ...
Registered in 0.003803 seconds.
Begin MonoManager ReloadAssembly
Native extension for WindowsStandalone target not found
Refreshing native plugins compatible for Editor in 0.55 ms, found 3 plugins.
Preloading 0 native plugins for Editor in 0.00 ms.
Mono: successfully reloaded assembly
- Completed reload, in  0.874 seconds
Domain Reload Profiling:
	ReloadAssembly (874ms)
		BeginReloadAssembly (105ms)
			ExecutionOrderSort (0ms)
			DisableScriptedObjects (5ms)
			BackupInstance (0ms)
			ReleaseScriptingObjects (0ms)
			CreateAndSetChildDomain (32ms)
		EndReloadAssembly (713ms)
			LoadAssemblies (72ms)
			RebuildTransferFunctionScriptingTraits (0ms)
			SetupTypeCache (242ms)
			ReleaseScriptCaches (1ms)
			RebuildScriptCaches (40ms)
			SetupLoadedEditorAssemblies (273ms)
				LogAssemblyErrors (0ms)
				InitializePlatformSupportModulesInManaged (4ms)
				SetLoadedEditorAssemblies (0ms)
				RefreshPlugins (1ms)
				BeforeProcessingInitializeOnLoad (84ms)
				ProcessInitializeOnLoadAttributes (169ms)
				ProcessInitializeOnLoadMethodAttributes (10ms)
				AfterProcessingInitializeOnLoad (6ms)
				EditorAssembliesLoaded (0ms)
			ExecutionOrderSort2 (0ms)
			AwakeInstancesAfterBackupRestoration (7ms)
Platform modules already initialized, skipping
Refreshing native plugins compatible for Editor in 0.55 ms, found 3 plugins.
Preloading 0 native plugins for Editor in 0.00 ms.
Unloading 2216 Unused Serialized files (Serialized files now loaded: 0)
System memory in use before: 119.9 MB.
System memory in use after: 120.0 MB.

Unloading 17 unused Assets to reduce memory usage. Loaded Objects now: 2716.
Total: 3.645700 ms (FindLiveObjects: 0.316100 ms CreateObjectMapping: 0.074200 ms MarkObjects: 3.226300 ms  DeleteObjects: 0.027000 ms)

AssetImportParameters requested are different than current active one (requested -> active):
  custom:framework-win-MediaFoundation: 216162199b28c13a410421893ffa2e32 -> 
  custom:video-decoder-ogg-theora: a1e56fd34408186e4bbccfd4996cb3dc -> 
  custom:container-muxer-webm: aa71ff27fc2769a1b78a27578f13a17b -> 
  custom:container-demuxer-webm: 4f35f7cbe854078d1ac9338744f61a02 -> 
  custom:container-demuxer-ogg: 62fdf1f143b41e24485cea50d1cbac27 -> 
  custom:video-encoder-webm-vp8: eb34c28f22e8b96e1ab97ce403110664 -> 
  custom:video-decoder-webm-vp8: 9c59270c3fd7afecdb556c50c9e8de78 -> 
  custom:audio-decoder-ogg-vorbis: bf7c407c2cedff20999df2af8eb42d56 -> 
  custom:audio-encoder-webm-vorbis: bf7c407c2cedff20999df2af8eb42d56 -> 
========================================================================
Received Prepare
Registering precompiled user dll's ...
Registered in 0.004034 seconds.
Begin MonoManager ReloadAssembly
Native extension for WindowsStandalone target not found
Refreshing native plugins compatible for Editor in 0.60 ms, found 3 plugins.
Preloading 0 native plugins for Editor in 0.00 ms.
Mono: successfully reloaded assembly
- Completed reload, in  1.037 seconds
Domain Reload Profiling:
	ReloadAssembly (1038ms)
		BeginReloadAssembly (110ms)
			ExecutionOrderSort (0ms)
			DisableScriptedObjects (5ms)
			BackupInstance (0ms)
			ReleaseScriptingObjects (0ms)
			CreateAndSetChildDomain (35ms)
		EndReloadAssembly (869ms)
			LoadAssemblies (94ms)
			RebuildTransferFunctionScriptingTraits (0ms)
			SetupTypeCache (371ms)
			ReleaseScriptCaches (1ms)
			RebuildScriptCaches (40ms)
			SetupLoadedEditorAssemblies (267ms)
				LogAssemblyErrors (0ms)
				InitializePlatformSupportModulesInManaged (6ms)
				SetLoadedEditorAssemblies (0ms)
				RefreshPlugins (1ms)
				BeforeProcessingInitializeOnLoad (77ms)
				ProcessInitializeOnLoadAttributes (168ms)
				ProcessInitializeOnLoadMethodAttributes (10ms)
				AfterProcessingInitializeOnLoad (6ms)
				EditorAssembliesLoaded (0ms)
			ExecutionOrderSort2 (0ms)
			AwakeInstancesAfterBackupRestoration (8ms)
Platform modules already initialized, skipping
Refreshing native plugins compatible for Editor in 0.58 ms, found 3 plugins.
Preloading 0 native plugins for Editor in 0.00 ms.
Unloading 2216 Unused Serialized files (Serialized files now loaded: 0)
System memory in use before: 120.0 MB.
System memory in use after: 120.2 MB.

Unloading 17 unused Assets to reduce memory usage. Loaded Objects now: 2718.
Total: 3.373200 ms (FindLiveObjects: 0.256900 ms CreateObjectMapping: 0.063300 ms MarkObjects: 3.027300 ms  DeleteObjects: 0.023800 ms)

AssetImportParameters requested are different than current active one (requested -> active):
  custom:framework-win-MediaFoundation: 216162199b28c13a410421893ffa2e32 -> 
  custom:video-decoder-ogg-theora: a1e56fd34408186e4bbccfd4996cb3dc -> 
  custom:container-muxer-webm: aa71ff27fc2769a1b78a27578f13a17b -> 
  custom:container-demuxer-webm: 4f35f7cbe854078d1ac9338744f61a02 -> 
  custom:container-demuxer-ogg: 62fdf1f143b41e24485cea50d1cbac27 -> 
  custom:video-encoder-webm-vp8: eb34c28f22e8b96e1ab97ce403110664 -> 
  custom:video-decoder-webm-vp8: 9c59270c3fd7afecdb556c50c9e8de78 -> 
  custom:audio-decoder-ogg-vorbis: bf7c407c2cedff20999df2af8eb42d56 -> 
  custom:audio-encoder-webm-vorbis: bf7c407c2cedff20999df2af8eb42d56 -> 
AssetImportWorkerClient::OnTransportError - code=2 error=End of file
